<?xml version="1.0" encoding="UTF-8"?>
<!-- Generated by org.testng.reporters.JUnitReportReporter -->
<testsuite hostname="DESKTOP-GTC01F2" failures="0" tests="1" name="TestNGRunner" time="20.594" errors="0" timestamp="2021-04-02T14:26:39 IST" skipped="0">
  <testcase classname="TestNGRunner" name="feature" time="20.594"/>
  <system-out/>
</testsuite> <!-- TestNGRunner -->
